<?xml version="1.0" encoding="UTF-8" ?>
<testsuite tests="7" failures="0" name="dao.Sql2oNewsDaoTest" time="0.915" errors="0" skipped="0">
  <properties>
[...]
</properties>
  <testcase classname="dao.Sql2oNewsDaoTest" name="getAllNewsByDepartment" time="0.404"/>
  <testcase classname="dao.Sql2oNewsDaoTest" name="getAll" time="0.041"/>
  <testcase classname="dao.Sql2oNewsDaoTest" name="update" time="0.066"/>
  <testcase classname="dao.Sql2oNewsDaoTest" name="findById" time="0.063"/>
  <testcase classname="dao.Sql2oNewsDaoTest" name="add" time="0.064"/>
  <testcase classname="dao.Sql2oNewsDaoTest" name="clearAll" time="0.169"/>
  <testcase classname="dao.Sql2oNewsDaoTest" name="deleteById" time="0.108"/>
</testsuite>