<?xml version="1.0" encoding="UTF-8" ?>
<testsuite tests="6" failures="0" name="dao.Sql2oUserDaoTest" time="0.221" errors="0" skipped="0">
  <properties>
[...]
</properties>
  <testcase classname="dao.Sql2oUserDaoTest" name="getAll" time="0.058"/>
  <testcase classname="dao.Sql2oUserDaoTest" name="findById" time="0.033"/>
  <testcase classname="dao.Sql2oUserDaoTest" name="add" time="0.024"/>
  <testcase classname="dao.Sql2oUserDaoTest" name="clearAll" time="0.039"/>
  <testcase classname="dao.Sql2oUserDaoTest" name="deleteById" time="0.036"/>
  <testcase classname="dao.Sql2oUserDaoTest" name="getAllUsersByDepartment" time="0.031"/>
</testsuite>